Exporter version: 3.3-beta 1, Blender version: 3.3.0
========= Conversion from Blender to Babylon.js =========
	Scene settings used :
		Inline textures     :  false
		Material Type       :  PBR
		Positions Precision :  4
		Normals Precision   :  3
		UVs Precision       :  3
		Vert Color Precision:  3
		Mat Weight Precision:  2
		Keep Z-up r-handed  :  no
		Texture directory   :  D:\Cursos_Dev\projects\babylon_product_viz\public\babylonjs\nike_air_max_90\
	Python World class constructor completed
	WARNING: No active camera has been assigned, or is not in a currently enabled collection
	processing begun of node:  Sketchfab_model
	processing begun of node:  02_Airmax_Sketchfab.obj.cleaner.materialmerger.gles
	processing begun of mesh:  Object_2
		processing begun of material:  Material.001
			WARNING: unsupported node type(ShaderNodeNormal) will trigger baking
			processing texture Material_001_baseColor
			bake time:  0 min, 0.1121 secs
		Custom split normals with tangents being used
		num positions      :  24044
		num normals        :  24044
		num tangents       :  96176
		num uvs            :  48088
		num uvs2           :  0
		num colors         :  0
		num triangles      :  45568
========= Writing of JSON file started =========
	writing mesh:  Object_2
========= Writing of JSON file completed =========
========= end of processing =========
elapsed time:  0 min, 3.8486 secs
